# JRE version: Java(TM) SE Runtime Environment (8.0_201-b09) (build 1.8.0_201-b09)
# Java VM: Java HotSpot(TM) 64-Bit Server VM (25.201-b09 mixed mode linux-amd64 compressed oops)
Heap:
 PSYoungGen      total 757760K, used 28640K [0x000000076d100000, 0x000000079e880000, 0x00000007c0000000)
  eden space 729088K, 0% used [0x000000076d100000,0x000000076d100000,0x0000000799900000)
  from space 28672K, 99% used [0x000000079b080000,0x000000079cc78060,0x000000079cc80000)
  to   space 18944K, 0% used [0x000000079d600000,0x000000079d600000,0x000000079e880000)
 ParOldGen       total 114176K, used 88699K [0x00000006c7200000, 0x00000006ce180000, 0x000000076d100000)
  object space 114176K, 77% used [0x00000006c7200000,0x00000006cc89ee78,0x00000006ce180000)
 Metaspace       used 54279K, capacity 55010K, committed 55424K, reserved 1097728K
  class space    used 6800K, capacity 6985K, committed 7040K, reserved 1048576K
GC Heap History (10 events):
Event: 18.387 GC heap after
Heap after GC invocations=8 (full 1):
 PSYoungGen      total 270336K, used 8003K [0x000000076d100000, 0x000000078d180000, 0x00000007c0000000)
  eden space 258048K, 0% used [0x000000076d100000,0x000000076d100000,0x000000077cd00000)
  from space 12288K, 65% used [0x000000077cd00000,0x000000077d4d0e20,0x000000077d900000)
  to   space 11776K, 0% used [0x000000078c600000,0x000000078c600000,0x000000078d180000)
 ParOldGen       total 78336K, used 9064K [0x00000006c7200000, 0x00000006cbe80000, 0x000000076d100000)
  object space 78336K, 11% used [0x00000006c7200000,0x00000006c7ada108,0x00000006cbe80000)
 Metaspace       used 24637K, capacity 25006K, committed 25216K, reserved 1071104K
  class space    used 3249K, capacity 3374K, committed 3456K, reserved 1048576K
}
Event: 21.264 GC heap before
{Heap before GC invocations=9 (full 1):
 PSYoungGen      total 270336K, used 266051K [0x000000076d100000, 0x000000078d180000, 0x00000007c0000000)
  eden space 258048K, 100% used [0x000000076d100000,0x000000077cd00000,0x000000077cd00000)
  from space 12288K, 65% used [0x000000077cd00000,0x000000077d4d0e20,0x000000077d900000)
  to   space 11776K, 0% used [0x000000078c600000,0x000000078c600000,0x000000078d180000)
 ParOldGen       total 78336K, used 9064K [0x00000006c7200000, 0x00000006cbe80000, 0x000000076d100000)
  object space 78336K, 11% used [0x00000006c7200000,0x00000006c7ada108,0x00000006cbe80000)
 Metaspace       used 31157K, capacity 31698K, committed 32000K, reserved 1077248K
  class space    used 4126K, capacity 4264K, committed 4352K, reserved 1048576K
Event: 21.340 GC heap after
Heap after GC invocations=9 (full 1):
 PSYoungGen      total 509440K, used 11756K [0x000000076d100000, 0x000000078d680000, 0x00000007c0000000)
  eden space 497664K, 0% used [0x000000076d100000,0x000000076d100000,0x000000078b700000)
  from space 11776K, 99% used [0x000000078c600000,0x000000078d17b170,0x000000078d180000)
  to   space 15360K, 0% used [0x000000078b700000,0x000000078b700000,0x000000078c600000)
 ParOldGen       total 78336K, used 14224K [0x00000006c7200000, 0x00000006cbe80000, 0x000000076d100000)
  object space 78336K, 18% used [0x00000006c7200000,0x00000006c7fe40e8,0x00000006cbe80000)
 Metaspace       used 31157K, capacity 31698K, committed 32000K, reserved 1077248K
  class space    used 4126K, capacity 4264K, committed 4352K, reserved 1048576K
}
Event: 25.284 GC heap before
{Heap before GC invocations=10 (full 1):
 PSYoungGen      total 509440K, used 289396K [0x000000076d100000, 0x000000078d680000, 0x00000007c0000000)
  eden space 497664K, 55% used [0x000000076d100000,0x000000077e021ec0,0x000000078b700000)
  from space 11776K, 99% used [0x000000078c600000,0x000000078d17b170,0x000000078d180000)
  to   space 15360K, 0% used [0x000000078b700000,0x000000078b700000,0x000000078c600000)
 ParOldGen       total 78336K, used 14224K [0x00000006c7200000, 0x00000006cbe80000, 0x000000076d100000)
  object space 78336K, 18% used [0x00000006c7200000,0x00000006c7fe40e8,0x00000006cbe80000)
 Metaspace       used 34547K, capacity 35236K, committed 35416K, reserved 1079296K
  class space    used 4575K, capacity 4740K, committed 4864K, reserved 1048576K
Event: 25.321 GC heap after
Heap after GC invocations=10 (full 1):
 PSYoungGen      total 513024K, used 15329K [0x000000076d100000, 0x000000079e880000, 0x00000007c0000000)
  eden space 497664K, 0% used [0x000000076d100000,0x000000076d100000,0x000000078b700000)
  from space 15360K, 99% used [0x000000078b700000,0x000000078c5f87d0,0x000000078c600000)
  to   space 18944K, 0% used [0x000000079d600000,0x000000079d600000,0x000000079e880000)
 ParOldGen       total 78336K, used 18366K [0x00000006c7200000, 0x00000006cbe80000, 0x000000076d100000)
  object space 78336K, 23% used [0x00000006c7200000,0x00000006c83efaf0,0x00000006cbe80000)
 Metaspace       used 34547K, capacity 35236K, committed 35416K, reserved 1079296K
  class space    used 4575K, capacity 4740K, committed 4864K, reserved 1048576K
}
Event: 25.321 GC heap before
{Heap before GC invocations=11 (full 2):
 PSYoungGen      total 513024K, used 15329K [0x000000076d100000, 0x000000079e880000, 0x00000007c0000000)
  eden space 497664K, 0% used [0x000000076d100000,0x000000076d100000,0x000000078b700000)
  from space 15360K, 99% used [0x000000078b700000,0x000000078c5f87d0,0x000000078c600000)
  to   space 18944K, 0% used [0x000000079d600000,0x000000079d600000,0x000000079e880000)
 ParOldGen       total 78336K, used 18366K [0x00000006c7200000, 0x00000006cbe80000, 0x000000076d100000)
  object space 78336K, 23% used [0x00000006c7200000,0x00000006c83efaf0,0x00000006cbe80000)
 Metaspace       used 34547K, capacity 35236K, committed 35416K, reserved 1079296K
  class space    used 4575K, capacity 4740K, committed 4864K, reserved 1048576K
Event: 25.426 GC heap after
Heap after GC invocations=11 (full 2):
 PSYoungGen      total 513024K, used 0K [0x000000076d100000, 0x000000079e880000, 0x00000007c0000000)
  eden space 497664K, 0% used [0x000000076d100000,0x000000076d100000,0x000000078b700000)
  from space 15360K, 0% used [0x000000078b700000,0x000000078b700000,0x000000078c600000)
  to   space 18944K, 0% used [0x000000079d600000,0x000000079d600000,0x000000079e880000)
 ParOldGen       total 114176K, used 29085K [0x00000006c7200000, 0x00000006ce180000, 0x000000076d100000)
  object space 114176K, 25% used [0x00000006c7200000,0x00000006c8e67718,0x00000006ce180000)
 Metaspace       used 34547K, capacity 35236K, committed 35416K, reserved 1079296K
  class space    used 4575K, capacity 4740K, committed 4864K, reserved 1048576K
}
Event: 32.531 GC heap before
{Heap before GC invocations=12 (full 2):
 PSYoungGen      total 513024K, used 497664K [0x000000076d100000, 0x000000079e880000, 0x00000007c0000000)
  eden space 497664K, 100% used [0x000000076d100000,0x000000078b700000,0x000000078b700000)
  from space 15360K, 0% used [0x000000078b700000,0x000000078b700000,0x000000078c600000)
  to   space 18944K, 0% used [0x000000079d600000,0x000000079d600000,0x000000079e880000)
 ParOldGen       total 114176K, used 29085K [0x00000006c7200000, 0x00000006ce180000, 0x000000076d100000)
  object space 114176K, 25% used [0x00000006c7200000,0x00000006c8e67718,0x00000006ce180000)
 Metaspace       used 47657K, capacity 48440K, committed 48768K, reserved 1091584K
  class space    used 6229K, capacity 6402K, committed 6528K, reserved 1048576K
Event: 32.578 GC heap after
Heap after GC invocations=12 (full 2):
 PSYoungGen      total 748032K, used 18936K [0x000000076d100000, 0x000000079e880000, 0x00000007c0000000)
  eden space 729088K, 0% used [0x000000076d100000,0x000000076d100000,0x0000000799900000)
  from space 18944K, 99% used [0x000000079d600000,0x000000079e87e220,0x000000079e880000)
  to   space 28672K, 0% used [0x000000079b080000,0x000000079b080000,0x000000079cc80000)
 ParOldGen       total 114176K, used 49262K [0x00000006c7200000, 0x00000006ce180000, 0x000000076d100000)
  object space 114176K, 43% used [0x00000006c7200000,0x00000006ca21b848,0x00000006ce180000)
 Metaspace       used 47657K, capacity 48440K, committed 48768K, reserved 1091584K
  class space    used 6229K, capacity 6402K, committed 6528K, reserved 1048576K
}
Event: 44.719 GC heap before
{Heap before GC invocations=13 (full 2):
 PSYoungGen      total 748032K, used 748024K [0x000000076d100000, 0x000000079e880000, 0x00000007c0000000)
  eden space 729088K, 100% used [0x000000076d100000,0x0000000799900000,0x0000000799900000)
  from space 18944K, 99% used [0x000000079d600000,0x000000079e87e220,0x000000079e880000)
  to   space 28672K, 0% used [0x000000079b080000,0x000000079b080000,0x000000079cc80000)
 ParOldGen       total 114176K, used 49262K [0x00000006c7200000, 0x00000006ce180000, 0x000000076d100000)
  object space 114176K, 43% used [0x00000006c7200000,0x00000006ca21b848,0x00000006ce180000)
 Metaspace       used 54279K, capacity 55010K, committed 55424K, reserved 1097728K
  class space    used 6800K, capacity 6985K, committed 7040K, reserved 1048576K

