# JRE version: Java(TM) SE Runtime Environment (8.0_151-b12) (build 1.8.0_151-b12)
# Java VM: Java HotSpot(TM) 64-Bit Server VM (25.151-b12 mixed mode bsd-amd64 compressed oops)
Heap:
 PSYoungGen      total 278528K, used 153805K [0x0000000795580000, 0x00000007abd80000, 0x00000007c0000000)
  eden space 268288K, 53% used [0x0000000795580000,0x000000079e1b81e0,0x00000007a5b80000)
  from space 10240K, 99% used [0x00000007a6800000,0x00000007a71fb240,0x00000007a7200000)
  to   space 12800K, 0% used [0x00000007a5b80000,0x00000007a5b80000,0x00000007a6800000)
 ParOldGen       total 56320K, used 12883K [0x0000000740000000, 0x0000000743700000, 0x0000000795580000)
  object space 56320K, 22% used [0x0000000740000000,0x0000000740c94d48,0x0000000743700000)
 Metaspace       used 32260K, capacity 32608K, committed 33024K, reserved 1079296K
  class space    used 3967K, capacity 4068K, committed 4096K, reserved 1048576K
GC Heap History (10 events):
Event: 2.724 GC heap before
{Heap before GC invocations=7 (full 0):
 PSYoungGen      total 137728K, used 130533K [0x0000000795580000, 0x000000079e480000, 0x00000007c0000000)
  eden space 132096K, 94% used [0x0000000795580000,0x000000079cfa1478,0x000000079d680000)
  from space 5632K, 97% used [0x000000079dd00000,0x000000079e2580f0,0x000000079e280000)
  to   space 6656K, 0% used [0x000000079d680000,0x000000079d680000,0x000000079dd00000)
 ParOldGen       total 87552K, used 441K [0x0000000740000000, 0x0000000745580000, 0x0000000795580000)
  object space 87552K, 0% used [0x0000000740000000,0x000000074006e6b0,0x0000000745580000)
 Metaspace       used 20866K, capacity 21118K, committed 21296K, reserved 1069056K
  class space    used 2556K, capacity 2638K, committed 2688K, reserved 1048576K
Event: 2.742 GC heap after
Heap after GC invocations=7 (full 0):
 PSYoungGen      total 138752K, used 6644K [0x0000000795580000, 0x00000007a6780000, 0x00000007c0000000)
  eden space 132096K, 0% used [0x0000000795580000,0x0000000795580000,0x000000079d680000)
  from space 6656K, 99% used [0x000000079d680000,0x000000079dcfd0f0,0x000000079dd00000)
  to   space 8192K, 0% used [0x00000007a5f80000,0x00000007a5f80000,0x00000007a6780000)
 ParOldGen       total 87552K, used 2267K [0x0000000740000000, 0x0000000745580000, 0x0000000795580000)
  object space 87552K, 2% used [0x0000000740000000,0x0000000740236df8,0x0000000745580000)
 Metaspace       used 20866K, capacity 21118K, committed 21296K, reserved 1069056K
  class space    used 2556K, capacity 2638K, committed 2688K, reserved 1048576K
}
Event: 2.742 GC heap before
{Heap before GC invocations=8 (full 1):
 PSYoungGen      total 138752K, used 6644K [0x0000000795580000, 0x00000007a6780000, 0x00000007c0000000)
  eden space 132096K, 0% used [0x0000000795580000,0x0000000795580000,0x000000079d680000)
  from space 6656K, 99% used [0x000000079d680000,0x000000079dcfd0f0,0x000000079dd00000)
  to   space 8192K, 0% used [0x00000007a5f80000,0x00000007a5f80000,0x00000007a6780000)
 ParOldGen       total 87552K, used 2267K [0x0000000740000000, 0x0000000745580000, 0x0000000795580000)
  object space 87552K, 2% used [0x0000000740000000,0x0000000740236df8,0x0000000745580000)
 Metaspace       used 20866K, capacity 21118K, committed 21296K, reserved 1069056K
  class space    used 2556K, capacity 2638K, committed 2688K, reserved 1048576K
Event: 2.787 GC heap after
Heap after GC invocations=8 (full 1):
 PSYoungGen      total 138752K, used 0K [0x0000000795580000, 0x00000007a6780000, 0x00000007c0000000)
  eden space 132096K, 0% used [0x0000000795580000,0x0000000795580000,0x000000079d680000)
  from space 6656K, 0% used [0x000000079d680000,0x000000079d680000,0x000000079dd00000)
  to   space 8192K, 0% used [0x00000007a5f80000,0x00000007a5f80000,0x00000007a6780000)
 ParOldGen       total 56320K, used 8257K [0x0000000740000000, 0x0000000743700000, 0x0000000795580000)
  object space 56320K, 14% used [0x0000000740000000,0x0000000740810690,0x0000000743700000)
 Metaspace       used 20866K, capacity 21118K, committed 21296K, reserved 1069056K
  class space    used 2556K, capacity 2638K, committed 2688K, reserved 1048576K
}
Event: 3.548 GC heap before
{Heap before GC invocations=9 (full 1):
 PSYoungGen      total 138752K, used 132096K [0x0000000795580000, 0x00000007a6780000, 0x00000007c0000000)
  eden space 132096K, 100% used [0x0000000795580000,0x000000079d680000,0x000000079d680000)
  from space 6656K, 0% used [0x000000079d680000,0x000000079d680000,0x000000079dd00000)
  to   space 8192K, 0% used [0x00000007a5f80000,0x00000007a5f80000,0x00000007a6780000)
 ParOldGen       total 56320K, used 8257K [0x0000000740000000, 0x0000000743700000, 0x0000000795580000)
  object space 56320K, 14% used [0x0000000740000000,0x0000000740810690,0x0000000743700000)
 Metaspace       used 22965K, capacity 23286K, committed 23424K, reserved 1069056K
  class space    used 2818K, capacity 2930K, committed 2944K, reserved 1048576K
Event: 3.554 GC heap after
Heap after GC invocations=9 (full 1):
 PSYoungGen      total 208896K, used 2870K [0x0000000795580000, 0x00000007a6280000, 0x00000007c0000000)
  eden space 205824K, 0% used [0x0000000795580000,0x0000000795580000,0x00000007a1e80000)
  from space 3072K, 93% used [0x00000007a5f80000,0x00000007a624d9a0,0x00000007a6280000)
  to   space 8192K, 0% used [0x00000007a5280000,0x00000007a5280000,0x00000007a5a80000)
 ParOldGen       total 56320K, used 8265K [0x0000000740000000, 0x0000000743700000, 0x0000000795580000)
  object space 56320K, 14% used [0x0000000740000000,0x0000000740812690,0x0000000743700000)
 Metaspace       used 22965K, capacity 23286K, committed 23424K, reserved 1069056K
  class space    used 2818K, capacity 2930K, committed 2944K, reserved 1048576K
}
Event: 4.722 GC heap before
{Heap before GC invocations=10 (full 1):
 PSYoungGen      total 208896K, used 208694K [0x0000000795580000, 0x00000007a6280000, 0x00000007c0000000)
  eden space 205824K, 100% used [0x0000000795580000,0x00000007a1e80000,0x00000007a1e80000)
  from space 3072K, 93% used [0x00000007a5f80000,0x00000007a624d9a0,0x00000007a6280000)
  to   space 8192K, 0% used [0x00000007a5280000,0x00000007a5280000,0x00000007a5a80000)
 ParOldGen       total 56320K, used 8265K [0x0000000740000000, 0x0000000743700000, 0x0000000795580000)
  object space 56320K, 14% used [0x0000000740000000,0x0000000740812690,0x0000000743700000)
 Metaspace       used 27018K, capacity 27382K, committed 27520K, reserved 1073152K
  class space    used 3319K, capacity 3442K, committed 3456K, reserved 1048576K
Event: 4.735 GC heap after
Heap after GC invocations=10 (full 1):
 PSYoungGen      total 267264K, used 8172K [0x0000000795580000, 0x00000007a7200000, 0x00000007c0000000)
  eden space 259072K, 0% used [0x0000000795580000,0x0000000795580000,0x00000007a5280000)
  from space 8192K, 99% used [0x00000007a5280000,0x00000007a5a7b240,0x00000007a5a80000)
  to   space 10240K, 0% used [0x00000007a6800000,0x00000007a6800000,0x00000007a7200000)
 ParOldGen       total 56320K, used 10384K [0x0000000740000000, 0x0000000743700000, 0x0000000795580000)
  object space 56320K, 18% used [0x0000000740000000,0x0000000740a242d8,0x0000000743700000)
 Metaspace       used 27018K, capacity 27382K, committed 27520K, reserved 1073152K
  class space    used 3319K, capacity 3442K, committed 3456K, reserved 1048576K
}
Event: 5.791 GC heap before
{Heap before GC invocations=11 (full 1):
 PSYoungGen      total 267264K, used 267244K [0x0000000795580000, 0x00000007a7200000, 0x00000007c0000000)
  eden space 259072K, 100% used [0x0000000795580000,0x00000007a5280000,0x00000007a5280000)
  from space 8192K, 99% used [0x00000007a5280000,0x00000007a5a7b240,0x00000007a5a80000)
  to   space 10240K, 0% used [0x00000007a6800000,0x00000007a6800000,0x00000007a7200000)
 ParOldGen       total 56320K, used 10384K [0x0000000740000000, 0x0000000743700000, 0x0000000795580000)
  object space 56320K, 18% used [0x0000000740000000,0x0000000740a242d8,0x0000000743700000)
 Metaspace       used 28848K, capacity 29164K, committed 29568K, reserved 1075200K
  class space    used 3560K, capacity 3643K, committed 3712K, reserved 1048576K
Event: 5.815 GC heap after
Heap after GC invocations=11 (full 1):
 PSYoungGen      total 278528K, used 10220K [0x0000000795580000, 0x00000007abd80000, 0x00000007c0000000)
  eden space 268288K, 0% used [0x0000000795580000,0x0000000795580000,0x00000007a5b80000)
  from space 10240K, 99% used [0x00000007a6800000,0x00000007a71fb240,0x00000007a7200000)
  to   space 12800K, 0% used [0x00000007a5b80000,0x00000007a5b80000,0x00000007a6800000)
 ParOldGen       total 56320K, used 12883K [0x0000000740000000, 0x0000000743700000, 0x0000000795580000)
  object space 56320K, 22% used [0x0000000740000000,0x0000000740c94d48,0x0000000743700000)
 Metaspace       used 28848K, capacity 29164K, committed 29568K, reserved 1075200K
  class space    used 3560K, capacity 3643K, committed 3712K, reserved 1048576K
}

