# JRE version: Java(TM) SE Runtime Environment (8.0_151-b12) (build 1.8.0_151-b12)
# Java VM: Java HotSpot(TM) 64-Bit Server VM (25.151-b12 mixed mode bsd-amd64 compressed oops)
Heap:
 PSYoungGen      total 139776K, used 30000K [0x0000000795580000, 0x00000007a0400000, 0x00000007c0000000)
  eden space 130048K, 15% used [0x0000000795580000,0x000000079694f0e8,0x000000079d480000)
  from space 9728K, 99% used [0x000000079d480000,0x000000079ddfcfa0,0x000000079de00000)
  to   space 11264K, 0% used [0x000000079f900000,0x000000079f900000,0x00000007a0400000)
 ParOldGen       total 57344K, used 9795K [0x0000000740000000, 0x0000000743800000, 0x0000000795580000)
  object space 57344K, 17% used [0x0000000740000000,0x0000000740990f30,0x0000000743800000)
 Metaspace       used 29557K, capacity 29896K, committed 30336K, reserved 1075200K
  class space    used 3767K, capacity 3882K, committed 3968K, reserved 1048576K
GC Heap History (10 events):
Event: 1.801 GC heap before
{Heap before GC invocations=4 (full 0):
 PSYoungGen      total 38400K, used 38368K [0x0000000795580000, 0x000000079a080000, 0x00000007c0000000)
  eden space 33280K, 100% used [0x0000000795580000,0x0000000797600000,0x0000000797600000)
  from space 5120K, 99% used [0x0000000797600000,0x0000000797af8040,0x0000000797b00000)
  to   space 5120K, 0% used [0x0000000799b80000,0x0000000799b80000,0x000000079a080000)
 ParOldGen       total 87552K, used 4423K [0x0000000740000000, 0x0000000745580000, 0x0000000795580000)
  object space 87552K, 5% used [0x0000000740000000,0x0000000740451fb0,0x0000000745580000)
 Metaspace       used 20064K, capacity 20366K, committed 20608K, reserved 1067008K
  class space    used 2529K, capacity 2614K, committed 2688K, reserved 1048576K
Event: 1.812 GC heap after
Heap after GC invocations=4 (full 0):
 PSYoungGen      total 71680K, used 5104K [0x0000000795580000, 0x000000079a080000, 0x00000007c0000000)
  eden space 66560K, 0% used [0x0000000795580000,0x0000000795580000,0x0000000799680000)
  from space 5120K, 99% used [0x0000000799b80000,0x000000079a07c030,0x000000079a080000)
  to   space 5120K, 0% used [0x0000000799680000,0x0000000799680000,0x0000000799b80000)
 ParOldGen       total 87552K, used 7186K [0x0000000740000000, 0x0000000745580000, 0x0000000795580000)
  object space 87552K, 8% used [0x0000000740000000,0x0000000740704b60,0x0000000745580000)
 Metaspace       used 20064K, capacity 20366K, committed 20608K, reserved 1067008K
  class space    used 2529K, capacity 2614K, committed 2688K, reserved 1048576K
}
Event: 1.920 GC heap before
{Heap before GC invocations=5 (full 0):
 PSYoungGen      total 71680K, used 19095K [0x0000000795580000, 0x000000079a080000, 0x00000007c0000000)
  eden space 66560K, 21% used [0x0000000795580000,0x0000000796329f48,0x0000000799680000)
  from space 5120K, 99% used [0x0000000799b80000,0x000000079a07c030,0x000000079a080000)
  to   space 5120K, 0% used [0x0000000799680000,0x0000000799680000,0x0000000799b80000)
 ParOldGen       total 87552K, used 7186K [0x0000000740000000, 0x0000000745580000, 0x0000000795580000)
  object space 87552K, 8% used [0x0000000740000000,0x0000000740704b60,0x0000000745580000)
 Metaspace       used 20808K, capacity 21038K, committed 21248K, reserved 1067008K
  class space    used 2627K, capacity 2710K, committed 2816K, reserved 1048576K
Event: 1.930 GC heap after
Heap after GC invocations=5 (full 0):
 PSYoungGen      total 71680K, used 5088K [0x0000000795580000, 0x000000079e780000, 0x00000007c0000000)
  eden space 66560K, 0% used [0x0000000795580000,0x0000000795580000,0x0000000799680000)
  from space 5120K, 99% used [0x0000000799680000,0x0000000799b78020,0x0000000799b80000)
  to   space 8192K, 0% used [0x000000079df80000,0x000000079df80000,0x000000079e780000)
 ParOldGen       total 87552K, used 8352K [0x0000000740000000, 0x0000000745580000, 0x0000000795580000)
  object space 87552K, 9% used [0x0000000740000000,0x0000000740828338,0x0000000745580000)
 Metaspace       used 20808K, capacity 21038K, committed 21248K, reserved 1067008K
  class space    used 2627K, capacity 2710K, committed 2816K, reserved 1048576K
}
Event: 1.930 GC heap before
{Heap before GC invocations=6 (full 1):
 PSYoungGen      total 71680K, used 5088K [0x0000000795580000, 0x000000079e780000, 0x00000007c0000000)
  eden space 66560K, 0% used [0x0000000795580000,0x0000000795580000,0x0000000799680000)
  from space 5120K, 99% used [0x0000000799680000,0x0000000799b78020,0x0000000799b80000)
  to   space 8192K, 0% used [0x000000079df80000,0x000000079df80000,0x000000079e780000)
 ParOldGen       total 87552K, used 8352K [0x0000000740000000, 0x0000000745580000, 0x0000000795580000)
  object space 87552K, 9% used [0x0000000740000000,0x0000000740828338,0x0000000745580000)
 Metaspace       used 20808K, capacity 21038K, committed 21248K, reserved 1067008K
  class space    used 2627K, capacity 2710K, committed 2816K, reserved 1048576K
Event: 1.980 GC heap after
Heap after GC invocations=6 (full 1):
 PSYoungGen      total 71680K, used 0K [0x0000000795580000, 0x000000079e780000, 0x00000007c0000000)
  eden space 66560K, 0% used [0x0000000795580000,0x0000000795580000,0x0000000799680000)
  from space 5120K, 0% used [0x0000000799680000,0x0000000799680000,0x0000000799b80000)
  to   space 8192K, 0% used [0x000000079df80000,0x000000079df80000,0x000000079e780000)
 ParOldGen       total 57344K, used 7329K [0x0000000740000000, 0x0000000743800000, 0x0000000795580000)
  object space 57344K, 12% used [0x0000000740000000,0x0000000740728588,0x0000000743800000)
 Metaspace       used 20808K, capacity 21038K, committed 21248K, reserved 1067008K
  class space    used 2627K, capacity 2710K, committed 2816K, reserved 1048576K
}
Event: 2.554 GC heap before
{Heap before GC invocations=7 (full 1):
 PSYoungGen      total 71680K, used 66560K [0x0000000795580000, 0x000000079e780000, 0x00000007c0000000)
  eden space 66560K, 100% used [0x0000000795580000,0x0000000799680000,0x0000000799680000)
  from space 5120K, 0% used [0x0000000799680000,0x0000000799680000,0x0000000799b80000)
  to   space 8192K, 0% used [0x000000079df80000,0x000000079df80000,0x000000079e780000)
 ParOldGen       total 57344K, used 7329K [0x0000000740000000, 0x0000000743800000, 0x0000000795580000)
  object space 57344K, 12% used [0x0000000740000000,0x0000000740728588,0x0000000743800000)
 Metaspace       used 24535K, capacity 24820K, committed 25088K, reserved 1071104K
  class space    used 3119K, capacity 3223K, committed 3328K, reserved 1048576K
Event: 2.563 GC heap after
Heap after GC invocations=7 (full 1):
 PSYoungGen      total 112640K, used 8164K [0x0000000795580000, 0x000000079e780000, 0x00000007c0000000)
  eden space 104448K, 0% used [0x0000000795580000,0x0000000795580000,0x000000079bb80000)
  from space 8192K, 99% used [0x000000079df80000,0x000000079e7791b0,0x000000079e780000)
  to   space 9728K, 0% used [0x000000079d480000,0x000000079d480000,0x000000079de00000)
 ParOldGen       total 57344K, used 8338K [0x0000000740000000, 0x0000000743800000, 0x0000000795580000)
  object space 57344K, 14% used [0x0000000740000000,0x0000000740824af0,0x0000000743800000)
 Metaspace       used 24535K, capacity 24820K, committed 25088K, reserved 1071104K
  class space    used 3119K, capacity 3223K, committed 3328K, reserved 1048576K
}
Event: 18.016 GC heap before
{Heap before GC invocations=8 (full 1):
 PSYoungGen      total 112640K, used 112612K [0x0000000795580000, 0x000000079e780000, 0x00000007c0000000)
  eden space 104448K, 100% used [0x0000000795580000,0x000000079bb80000,0x000000079bb80000)
  from space 8192K, 99% used [0x000000079df80000,0x000000079e7791b0,0x000000079e780000)
  to   space 9728K, 0% used [0x000000079d480000,0x000000079d480000,0x000000079de00000)
 ParOldGen       total 57344K, used 8338K [0x0000000740000000, 0x0000000743800000, 0x0000000795580000)
  object space 57344K, 14% used [0x0000000740000000,0x0000000740824af0,0x0000000743800000)
 Metaspace       used 27509K, capacity 27820K, committed 28288K, reserved 1073152K
  class space    used 3513K, capacity 3617K, committed 3712K, reserved 1048576K
Event: 18.030 GC heap after
Heap after GC invocations=8 (full 1):
 PSYoungGen      total 139776K, used 9715K [0x0000000795580000, 0x00000007a0400000, 0x00000007c0000000)
  eden space 130048K, 0% used [0x0000000795580000,0x0000000795580000,0x000000079d480000)
  from space 9728K, 99% used [0x000000079d480000,0x000000079ddfcfa0,0x000000079de00000)
  to   space 11264K, 0% used [0x000000079f900000,0x000000079f900000,0x00000007a0400000)
 ParOldGen       total 57344K, used 9795K [0x0000000740000000, 0x0000000743800000, 0x0000000795580000)
  object space 57344K, 17% used [0x0000000740000000,0x0000000740990f30,0x0000000743800000)
 Metaspace       used 27509K, capacity 27820K, committed 28288K, reserved 1073152K
  class space    used 3513K, capacity 3617K, committed 3712K, reserved 1048576K
}

